\BOOKMARK [1][-]{section.1}{Introduction}{}% 1
\BOOKMARK [1][-]{section.2}{Project Overview}{}% 2
\BOOKMARK [2][-]{subsection.2.1}{Toolbox}{section.2}% 3
\BOOKMARK [3][-]{subsubsection.2.1.1}{OpenMesh}{subsection.2.1}% 4
\BOOKMARK [3][-]{subsubsection.2.1.2}{Eigen}{subsection.2.1}% 5
\BOOKMARK [3][-]{subsubsection.2.1.3}{LBFGS++}{subsection.2.1}% 6
\BOOKMARK [3][-]{subsubsection.2.1.4}{Libigl}{subsection.2.1}% 7
\BOOKMARK [2][-]{subsection.2.2}{Project Structure}{section.2}% 8
\BOOKMARK [1][-]{section.3}{Orbfiold Tutte Embeding}{}% 9
\BOOKMARK [2][-]{subsection.3.1}{Theoretical Background}{section.3}% 10
\BOOKMARK [3][-]{subsubsection.3.1.1}{Tutte Embedding}{subsection.3.1}% 11
\BOOKMARK [3][-]{subsubsection.3.1.2}{Orbifolds}{subsection.3.1}% 12
\BOOKMARK [2][-]{subsection.3.2}{Algorithm}{section.3}% 13
\BOOKMARK [2][-]{subsection.3.3}{Experiments}{section.3}% 14
\BOOKMARK [3][-]{subsubsection.3.3.1}{Vertex Selecting System.}{subsection.3.3}% 15
\BOOKMARK [3][-]{subsubsection.3.3.2}{Covering Space.}{subsection.3.3}% 16
\BOOKMARK [3][-]{subsubsection.3.3.3}{Results.}{subsection.3.3}% 17
\BOOKMARK [1][-]{section.4}{Boundary First Flattening}{}% 18
\BOOKMARK [2][-]{subsection.4.1}{Theoretical Background}{section.4}% 19
\BOOKMARK [3][-]{subsubsection.4.1.1}{Conformal Maps}{subsection.4.1}% 20
\BOOKMARK [3][-]{subsubsection.4.1.2}{Poisson Problems}{subsection.4.1}% 21
\BOOKMARK [3][-]{subsubsection.4.1.3}{Cherrier Formula}{subsection.4.1}% 22
\BOOKMARK [1][-]{section.5}{Algorithm}{}% 23
\BOOKMARK [2][-]{subsection.5.1}{Loop Integration}{section.5}% 24
\BOOKMARK [2][-]{subsection.5.2}{Conformal Interpolation}{section.5}% 25
\BOOKMARK [2][-]{subsection.5.3}{Experiments}{section.5}% 26
\BOOKMARK [3][-]{subsubsection.5.3.1}{Free Boundary Conformal Map}{subsection.5.3}% 27
\BOOKMARK [3][-]{subsubsection.5.3.2}{Polygonal-Boundary Conformal Map}{subsection.5.3}% 28
\BOOKMARK [1][-]{figure.caption.7}{References}{}% 29
