\BOOKMARK [1][-]{section.1}{Discrete one-forms on meshes and applications to 3D mesh parameterization}{}% 1
\BOOKMARK [2][-]{subsection.1.1}{Tutte Graph Embedding}{section.1}% 2
\BOOKMARK [2][-]{subsection.1.2}{Multiple Non-convex Boundaries}{section.1}% 3
\BOOKMARK [2][-]{subsection.1.3}{Global Parameterization}{section.1}% 4
\BOOKMARK [1][-]{section.2}{Orbifold Tutte Embeddings}{}% 5
\BOOKMARK [2][-]{subsection.2.1}{Euclidean Orbifold Tutte Embeddings}{section.2}% 6
\BOOKMARK [3][-]{subsubsection.2.1.1}{Harmonic System with Rigid Constraints}{subsection.2.1}% 7
\BOOKMARK [3][-]{subsubsection.2.1.2}{Properties}{subsection.2.1}% 8
\BOOKMARK [2][-]{subsection.2.2}{Hyperbolic Orbifold and Spherical Orbifold Tutte Embeddings}{section.2}% 9
\BOOKMARK [3][-]{subsubsection.2.2.1}{Non-linear Optimization}{subsection.2.2}% 10
\BOOKMARK [2][-]{subsection.2.3}{Properties}{section.2}% 11
\BOOKMARK [1][-]{section.3}{Harmonic Global Parametrization with Rational Holonomy}{}% 12
\BOOKMARK [2][-]{subsection.3.1}{Harmonic System}{section.3}% 13
\BOOKMARK [2][-]{subsection.3.2}{Q-fold Branch Cover}{section.3}% 14
\BOOKMARK [2][-]{subsection.3.3}{Convex Optimization}{section.3}% 15
\BOOKMARK [2][-]{subsection.3.4}{Properties}{section.3}% 16
\BOOKMARK [1][-]{section.4}{Boundary First Flattening }{}% 17
\BOOKMARK [2][-]{subsection.4.1}{Poisson Equation}{section.4}% 18
\BOOKMARK [2][-]{subsection.4.2}{Integral of Curve}{section.4}% 19
\BOOKMARK [2][-]{subsection.4.3}{Conformal Extension}{section.4}% 20
\BOOKMARK [2][-]{subsection.4.4}{Global Parameterization}{section.4}% 21
\BOOKMARK [1][-]{subsection.4.4}{References}{}% 22
